#
# A fatal error has been detected by the Java Runtime Environment:
#
#  EXCEPTION_ACCESS_VIOLATION (0xc0000005) at pc=0x0000000059438f45, pid=6324, tid=14888
#
# JRE version: Java(TM) SE Runtime Environment (8.0_91-b15) (build 1.8.0_91-b15)
# Java VM: Java HotSpot(TM) 64-Bit Server VM (25.91-b15 mixed mode windows-amd64 compressed oops)
# Problematic frame:
# V  [jvm.dll+0x128f45]
#
# Failed to write core dump. Minidumps are not enabled by default on client versions of Windows
#
# If you would like to submit a bug report, please visit:
#   http://bugreport.java.com/bugreport/crash.jsp
#

---------------  T H R E A D  ---------------

Current thread (0x000000001981c000):  JavaThread "JDWP Transport Listener: dt_socket" daemon [_thread_in_vm, id=14888, stack(0x0000000019e90000,0x0000000019f90000)]

siginfo: ExceptionCode=0xc0000005, reading address 0xffffffffffffffff

Registers:
RAX=0x0000000019f8f501, RBX=0x000000001981c000, RCX=0x003b000000003b72, RDX=0x0000000000000000
RSP=0x0000000019f8f520, RBP=0x003b000000003b72, RSI=0x0000000019f8f638, RDI=0x00000000026e8850
R8 =0x000000001981c000, R9 =0x0000000000008000, R10=0x0000000000000000, R11=0x0000000019f8f7b3
R12=0x0000000000000000, R13=0x000000001981cdf8, R14=0x0000000000000000, R15=0x0000000000000000
RIP=0x0000000059438f45, EFLAGS=0x0000000000010206

Top of Stack: (sp=0x0000000019f8f520)
0x0000000019f8f520:   000000001981c000 000000001981c000
0x0000000019f8f530:   0000000019f8f5e8 000000005963f32b
0x0000000019f8f540:   000000001981c000 000000005965bb8d
0x0000000019f8f550:   0000000000000000 000000005ca79155
0x0000000019f8f560:   00000000197b4a48 000000005ca8291e
0x0000000019f8f570:   000000001981c000 0000000000000000
0x0000000019f8f580:   0000000000000000 0000000000000000
0x0000000019f8f590:   003b000000003b72 000000005ca81a15
0x0000000019f8f5a0:   0000000019f8f638 0000000019f8f610
0x0000000019f8f5b0:   0000000000000001 00000000197b4a48
0x0000000019f8f5c0:   003b000000003b72 000000005ca653b3
0x0000000019f8f5d0:   0000000019f8f700 0000000000000001
0x0000000019f8f5e0:   0000000000000001 00000000197b4a48
0x0000000019f8f5f0:   0000000000000009 0000000000000000
0x0000000019f8f600:   0000000000000000 0000000000000000
0x0000000019f8f610:   0000000000000001 000000005ca65571 

Instructions: (pc=0x0000000059438f45)
0x0000000059438f25:   cc cc cc cc cc cc cc cc cc cc cc 48 83 ec 28 48
0x0000000059438f35:   85 c9 75 07 33 c0 48 83 c4 28 c3 48 89 5c 24 20
0x0000000059438f45:   48 8b 19 48 85 db 74 20 48 83 fb 37 74 1a 48 8b
0x0000000059438f55:   13 48 8b cb ff 52 10 84 c0 74 0d 48 8b c3 48 8b 


Register to memory mapping:

RAX=0x0000000019f8f501 is pointing into the stack for thread: 0x000000001981c000
RBX=0x000000001981c000 is a thread
RCX=0x003b000000003b72 is an unknown value
RDX=0x0000000000000000 is an unknown value
RSP=0x0000000019f8f520 is pointing into the stack for thread: 0x000000001981c000
RBP=0x003b000000003b72 is an unknown value
RSI=0x0000000019f8f638 is pointing into the stack for thread: 0x000000001981c000
RDI=0x00000000026e8850 is an unknown value
R8 =0x000000001981c000 is a thread
R9 =0x0000000000008000 is an unknown value
R10=0x0000000000000000 is an unknown value
R11=0x0000000019f8f7b3 is pointing into the stack for thread: 0x000000001981c000
R12=0x0000000000000000 is an unknown value
R13=0x000000001981cdf8 is an unknown value
R14=0x0000000000000000 is an unknown value
R15=0x0000000000000000 is an unknown value


Stack: [0x0000000019e90000,0x0000000019f90000],  sp=0x0000000019f8f520,  free space=1021k
Native frames: (J=compiled Java code, j=interpreted, Vv=VM code, C=native code)
V  [jvm.dll+0x128f45]
V  [jvm.dll+0x34bb8d]
C  [jdwp.dll+0x21a15]
C  [jdwp.dll+0x53b3]
C  [jdwp.dll+0x5571]
C  [jdwp.dll+0xf0a8]
C  [jdwp.dll+0x1f2d5]
C  [jdwp.dll+0x1f4aa]
V  [jvm.dll+0x1bbf38]
V  [jvm.dll+0x243ae4]
V  [jvm.dll+0x29a99a]
C  [msvcr100.dll+0x21d9f]
C  [msvcr100.dll+0x21e3b]
C  [KERNEL32.DLL+0x13dc4]
C  [ntdll.dll+0x73691]


---------------  P R O C E S S  ---------------

Java Threads: ( => current thread )
  0x00000000198d3800 JavaThread "Service Thread" daemon [_thread_blocked, id=18148, stack(0x000000001a590000,0x000000001a690000)]
  0x0000000019848800 JavaThread "C1 CompilerThread3" daemon [_thread_blocked, id=15108, stack(0x000000001a490000,0x000000001a590000)]
  0x0000000019845800 JavaThread "C2 CompilerThread2" daemon [_thread_blocked, id=18644, stack(0x000000001a390000,0x000000001a490000)]
  0x0000000019845000 JavaThread "C2 CompilerThread1" daemon [_thread_blocked, id=13080, stack(0x000000001a290000,0x000000001a390000)]
  0x000000001983d000 JavaThread "C2 CompilerThread0" daemon [_thread_blocked, id=16468, stack(0x000000001a190000,0x000000001a290000)]
  0x000000001982d000 JavaThread "JDWP Command Reader" daemon [_thread_in_native, id=6020, stack(0x000000001a090000,0x000000001a190000)]
  0x0000000019829800 JavaThread "JDWP Event Helper Thread" daemon [_thread_blocked, id=676, stack(0x0000000019f90000,0x000000001a090000)]
=>0x000000001981c000 JavaThread "JDWP Transport Listener: dt_socket" daemon [_thread_in_vm, id=14888, stack(0x0000000019e90000,0x0000000019f90000)]
  0x0000000019814000 JavaThread "Attach Listener" daemon [_thread_blocked, id=17032, stack(0x0000000019d90000,0x0000000019e90000)]
  0x0000000019813800 JavaThread "Signal Dispatcher" daemon [_thread_blocked, id=15468, stack(0x0000000019c90000,0x0000000019d90000)]
  0x00000000178ae800 JavaThread "Finalizer" daemon [_thread_blocked, id=10404, stack(0x0000000019b90000,0x0000000019c90000)]
  0x00000000178ad800 JavaThread "Reference Handler" daemon [_thread_blocked, id=8432, stack(0x0000000019690000,0x0000000019790000)]
  0x00000000027f2800 JavaThread "main" [_thread_blocked, id=14272, stack(0x00000000026f0000,0x00000000027f0000)]

Other Threads:
  0x00000000178a8800 VMThread [stack: 0x0000000019590000,0x0000000019690000] [id=15408]
  0x0000000019939800 WatcherThread [stack: 0x000000001a690000,0x000000001a790000] [id=19704]

VM state:not at safepoint (normal execution)

VM Mutex/Monitor currently owned by a thread: None

Heap:
 PSYoungGen      total 38400K, used 2662K [0x00000000d5c00000, 0x00000000d8680000, 0x0000000100000000)
  eden space 33280K, 8% used [0x00000000d5c00000,0x00000000d5e99b00,0x00000000d7c80000)
  from space 5120K, 0% used [0x00000000d8180000,0x00000000d8180000,0x00000000d8680000)
  to   space 5120K, 0% used [0x00000000d7c80000,0x00000000d7c80000,0x00000000d8180000)
 ParOldGen       total 87552K, used 0K [0x0000000081400000, 0x0000000086980000, 0x00000000d5c00000)
  object space 87552K, 0% used [0x0000000081400000,0x0000000081400000,0x0000000086980000)
 Metaspace       used 3503K, capacity 4606K, committed 4864K, reserved 1056768K
  class space    used 401K, capacity 430K, committed 512K, reserved 1048576K

Card table byte_map: [0x0000000011cb0000,0x00000000120b0000] byte_map_base: 0x00000000118a6000

Marking Bits: (ParMarkBitMap*) 0x0000000059b22f70
 Begin Bits: [0x0000000012b60000, 0x0000000014b10000)
 End Bits:   [0x0000000014b10000, 0x0000000016ac0000)

Polling page: 0x00000000001f0000

CodeCache: size=245760Kb used=1194Kb max_used=1194Kb free=244565Kb
 bounds [0x00000000028f0000, 0x0000000002b60000, 0x00000000118f0000]
 total_blobs=312 nmethods=75 adapters=158
 compilation: enabled

Compilation events (10 events):
Event: 0.400 Thread 0x0000000019848800   71  s    3       java.io.BufferedInputStream::read (49 bytes)
Event: 0.400 Thread 0x0000000019848800 nmethod 71 0x0000000002a19d10 code [0x0000000002a19ec0, 0x0000000002a1a438]
Event: 0.400 Thread 0x0000000019848800   72       3       java.io.DataInputStream::readInt (72 bytes)
Event: 0.400 Thread 0x0000000019848800 nmethod 72 0x0000000002a19390 code [0x0000000002a19540, 0x0000000002a19aa8]
Event: 0.402 Thread 0x0000000019848800   73       3       java.util.HashMap::afterNodeInsertion (1 bytes)
Event: 0.402 Thread 0x0000000019848800 nmethod 73 0x0000000002a16ad0 code [0x0000000002a16c20, 0x0000000002a16d70]
Event: 0.402 Thread 0x0000000019848800   74       3       java.util.HashSet::add (20 bytes)
Event: 0.402 Thread 0x0000000019848800 nmethod 74 0x0000000002a18ed0 code [0x0000000002a19040, 0x0000000002a192c8]
Event: 0.404 Thread 0x0000000019848800   75       3       java.util.concurrent.ConcurrentHashMap::spread (10 bytes)
Event: 0.404 Thread 0x0000000019848800 nmethod 75 0x0000000002a18bd0 code [0x0000000002a18d20, 0x0000000002a18e70]

GC Heap History (0 events):
No events

Deoptimization events (0 events):
No events

Internal exceptions (6 events):
Event: 0.071 Thread 0x00000000027f2800 Exception <a 'java/lang/NoSuchMethodError': Method sun.misc.Unsafe.defineClass(Ljava/lang/String;[BII)Ljava/lang/Class; name or signature does not match> (0x00000000d5c07cc0) thrown at [C:\re\workspace\8-2-build-windows-amd64-cygwin\jdk8u91\7017\hotspot\sr·?ß
Event: 0.071 Thread 0x00000000027f2800 Exception <a 'java/lang/NoSuchMethodError': Method sun.misc.Unsafe.prefetchRead(Ljava/lang/Object;J)V name or signature does not match> (0x00000000d5c07fa8) thrown at [C:\re\workspace\8-2-build-windows-amd64-cygwin\jdk8u91\7017\hotspot\src\share\vm\prims\jÇE6oÂØ?
Event: 0.387 Thread 0x00000000027f2800 Exception <a 'java/security/PrivilegedActionException'> (0x00000000d5cf97a8) thrown at [C:\re\workspace\8-2-build-windows-amd64-cygwin\jdk8u91\7017\hotspot\src\share\vm\prims\jvm.cpp, line 1386]
Event: 0.387 Thread 0x00000000027f2800 Exception <a 'java/security/PrivilegedActionException'> (0x00000000d5cf9ba0) thrown at [C:\re\workspace\8-2-build-windows-amd64-cygwin\jdk8u91\7017\hotspot\src\share\vm\prims\jvm.cpp, line 1386]
Event: 0.388 Thread 0x00000000027f2800 Exception <a 'java/security/PrivilegedActionException'> (0x00000000d5cfd930) thrown at [C:\re\workspace\8-2-build-windows-amd64-cygwin\jdk8u91\7017\hotspot\src\share\vm\prims\jvm.cpp, line 1386]
Event: 0.388 Thread 0x00000000027f2800 Exception <a 'java/security/PrivilegedActionException'> (0x00000000d5cfdd28) thrown at [C:\re\workspace\8-2-build-windows-amd64-cygwin\jdk8u91\7017\hotspot\src\share\vm\prims\jvm.cpp, line 1386]

Events (10 events):
Event: 0.405 loading class java/math/RoundingMode
Event: 0.405 loading class java/math/RoundingMode done
Event: 4.380 Executing VM operation: EnableBiasedLocking
Event: 4.380 Executing VM operation: EnableBiasedLocking done
Event: 215.725 Executing VM operation: ChangeBreakpoints
Event: 215.725 Executing VM operation: ChangeBreakpoints done
Event: 439.196 Executing VM operation: ChangeBreakpoints
Event: 439.196 Executing VM operation: ChangeBreakpoints done
Event: 439.342 Executing VM operation: RedefineClasses
Event: 439.343 Executing VM operation: RedefineClasses done


Dynamic libraries:
0x00007ff7564e0000 - 0x00007ff756517000 	C:\Program Files\Java\jre1.8.0_91\bin\javaw.exe
0x00007ffa93eb0000 - 0x00007ffa94091000 	C:\WINDOWS\SYSTEM32\ntdll.dll
0x00007ffa91ce0000 - 0x00007ffa91d92000 	C:\WINDOWS\System32\KERNEL32.DLL
0x00007ffa90fa0000 - 0x00007ffa91213000 	C:\WINDOWS\System32\KERNELBASE.dll
0x00007ffa93a90000 - 0x00007ffa93b31000 	C:\WINDOWS\System32\ADVAPI32.dll
0x00007ffa93de0000 - 0x00007ffa93e7e000 	C:\WINDOWS\System32\msvcrt.dll
0x00007ffa91c20000 - 0x00007ffa91c7b000 	C:\WINDOWS\System32\sechost.dll
0x00007ffa93b40000 - 0x00007ffa93c64000 	C:\WINDOWS\System32\RPCRT4.dll
0x00007ffa93710000 - 0x00007ffa938a0000 	C:\WINDOWS\System32\USER32.dll
0x00007ffa90470000 - 0x00007ffa90490000 	C:\WINDOWS\System32\win32u.dll
0x00007ffa93a40000 - 0x00007ffa93a68000 	C:\WINDOWS\System32\GDI32.dll
0x00007ffa902d0000 - 0x00007ffa90462000 	C:\WINDOWS\System32\gdi32full.dll
0x00007ffa91220000 - 0x00007ffa912bf000 	C:\WINDOWS\System32\msvcp_win.dll
0x00007ffa904f0000 - 0x00007ffa905e8000 	C:\WINDOWS\System32\ucrtbase.dll
0x00007ffa73000000 - 0x00007ffa73269000 	C:\WINDOWS\WinSxS\amd64_microsoft.windows.common-controls_6595b64144ccf1df_6.0.17134.648_none_fb45a0e93062a6d2\COMCTL32.dll
0x00007ffa91400000 - 0x00007ffa91722000 	C:\WINDOWS\System32\combase.dll
0x00007ffa912c0000 - 0x00007ffa9133a000 	C:\WINDOWS\System32\bcryptPrimitives.dll
0x00007ffa936e0000 - 0x00007ffa9370d000 	C:\WINDOWS\System32\IMM32.DLL
0x000000005caa0000 - 0x000000005cb72000 	C:\Program Files\Java\jre1.8.0_91\bin\msvcr100.dll
0x0000000059310000 - 0x0000000059ba3000 	C:\Program Files\Java\jre1.8.0_91\bin\server\jvm.dll
0x00007ffa91340000 - 0x00007ffa91348000 	C:\WINDOWS\System32\PSAPI.DLL
0x00007ffa877a0000 - 0x00007ffa877c3000 	C:\WINDOWS\SYSTEM32\WINMM.dll
0x00007ffa86260000 - 0x00007ffa86269000 	C:\WINDOWS\SYSTEM32\WSOCK32.dll
0x00007ffa85be0000 - 0x00007ffa85bea000 	C:\WINDOWS\SYSTEM32\VERSION.dll
0x00007ffa932b0000 - 0x00007ffa9331c000 	C:\WINDOWS\System32\WS2_32.dll
0x00007ffa875d0000 - 0x00007ffa875fa000 	C:\WINDOWS\SYSTEM32\WINMMBASE.dll
0x00007ffa90280000 - 0x00007ffa902c9000 	C:\WINDOWS\System32\cfgmgr32.dll
0x000000005bf80000 - 0x000000005bf8f000 	C:\Program Files\Java\jre1.8.0_91\bin\verify.dll
0x000000005bf50000 - 0x000000005bf79000 	C:\Program Files\Java\jre1.8.0_91\bin\java.dll
0x000000005ca60000 - 0x000000005ca95000 	C:\Program Files\Java\jre1.8.0_91\bin\jdwp.dll
0x000000005ca50000 - 0x000000005ca58000 	C:\Program Files\Java\jre1.8.0_91\bin\npt.dll
0x000000005bf30000 - 0x000000005bf46000 	C:\Program Files\Java\jre1.8.0_91\bin\zip.dll
0x00007ffa91da0000 - 0x00007ffa931e0000 	C:\WINDOWS\System32\SHELL32.dll
0x00007ffa91350000 - 0x00007ffa913f9000 	C:\WINDOWS\System32\shcore.dll
0x00007ffa906a0000 - 0x00007ffa90dad000 	C:\WINDOWS\System32\windows.storage.dll
0x00007ffa93d80000 - 0x00007ffa93dd1000 	C:\WINDOWS\System32\shlwapi.dll
0x00007ffa90250000 - 0x00007ffa90261000 	C:\WINDOWS\System32\kernel.appcore.dll
0x00007ffa901e0000 - 0x00007ffa901ff000 	C:\WINDOWS\System32\profapi.dll
0x00007ffa90200000 - 0x00007ffa9024c000 	C:\WINDOWS\System32\powrprof.dll
0x00007ffa90270000 - 0x00007ffa9027a000 	C:\WINDOWS\System32\FLTLIB.DLL
0x000000005ca40000 - 0x000000005ca49000 	C:\Program Files\Java\jre1.8.0_91\bin\dt_socket.dll
0x00007ffa7f520000 - 0x00007ffa7f536000 	C:\WINDOWS\system32\napinsp.dll
0x00007ffa7f500000 - 0x00007ffa7f51a000 	C:\WINDOWS\system32\pnrpnsp.dll
0x00007ffa8c920000 - 0x00007ffa8c939000 	C:\WINDOWS\system32\NLAapi.dll
0x00007ffa8fa40000 - 0x00007ffa8faa6000 	C:\WINDOWS\System32\mswsock.dll
0x00007ffa8f800000 - 0x00007ffa8f8be000 	C:\WINDOWS\SYSTEM32\DNSAPI.dll
0x00007ffa93c80000 - 0x00007ffa93c88000 	C:\WINDOWS\System32\NSI.dll
0x00007ffa8f7c0000 - 0x00007ffa8f7f8000 	C:\WINDOWS\SYSTEM32\IPHLPAPI.DLL
0x00007ffa7f940000 - 0x00007ffa7f94e000 	C:\WINDOWS\System32\winrnr.dll
0x00007ffa89c60000 - 0x00007ffa89cd2000 	C:\WINDOWS\System32\fwpuclnt.dll
0x00007ffa8fd20000 - 0x00007ffa8fd45000 	C:\WINDOWS\SYSTEM32\bcrypt.dll
0x00007ffa89c40000 - 0x00007ffa89c4a000 	C:\Windows\System32\rasadhlp.dll
0x00007ffa8ec10000 - 0x00007ffa8edd9000 	C:\WINDOWS\SYSTEM32\dbghelp.dll

VM Arguments:
jvm_args: -agentlib:jdwp=transport=dt_socket,suspend=y,address=localhost:55981 -Dfile.encoding=MS949 
java_command: kr.hs.emirim.Nsum
java_class_path (initial): C:\Program Files\Java\jre1.8.0_91\lib\resources.jar;C:\Program Files\Java\jre1.8.0_91\lib\rt.jar;C:\Program Files\Java\jre1.8.0_91\lib\jsse.jar;C:\Program Files\Java\jre1.8.0_91\lib\jce.jar;C:\Program Files\Java\jre1.8.0_91\lib\charsets.jar;C:\Program Files\Java\jre1.8.0_91\lib\jfr.jar;C:\Program Files\Java\jre1.8.0_91\lib\ext\access-bridge-64.jar;C:\Program Files\Java\jre1.8.0_91\lib\ext\cldrdata.jar;C:\Program Files\Java\jre1.8.0_91\lib\ext\dnsns.jar;C:\Program Files\Java\jre1.8.0_91\lib\ext\jaccess.jar;C:\Program Files\Java\jre1.8.0_91\lib\ext\jfxrt.jar;C:\Program Files\Java\jre1.8.0_91\lib\ext\localedata.jar;C:\Program Files\Java\jre1.8.0_91\lib\ext\nashorn.jar;C:\Program Files\Java\jre1.8.0_91\lib\ext\sunec.jar;C:\Program Files\Java\jre1.8.0_91\lib\ext\sunjce_provider.jar;C:\Program Files\Java\jre1.8.0_91\lib\ext\sunmscapi.jar;C:\Program Files\Java\jre1.8.0_91\lib\ext\sunpkcs11.jar;C:\Program Files\Java\jre1.8.0_91\lib\ext\zipfs.jar;C:\¹æ°úÈÄÀÚ¹Ù\20190404_Nsum\bin
Launcher Type: SUN_STANDARD

Environment Variables:
JAVA_HOME=C:\Program Files\Java\jdk1.8.0_91
PATH=C:/Program Files/Java/jre1.8.0_91/bin/server;C:/Program Files/Java/jre1.8.0_91/bin;C:/Program Files/Java/jre1.8.0_91/lib/amd64;C:\Program Files\Java\jdk1.8.0_91\bin;C:\WINDOWS\system32;C:\WINDOWS;C:\WINDOWS\System32\Wbem;C:\WINDOWS\System32\WindowsPowerShell\v1.0\;C:\WINDOWS\System32\OpenSSH\;C:\Program Files\Intel\WiFi\bin\;C:\Program Files\Common Files\Intel\WirelessCommon\;C:\Program Files\Git\cmd;C:\Program Files\dotnet\;C:\Bitnami\wampstack-7.1.26-1\mysql\bin;C:\Users\¹Ú¼­¿¬\AppData\Local\Programs\Python\Python37\Scripts\;C:\Users\¹Ú¼­¿¬\AppData\Local\Programs\Python\Python37\;C:\Users\¹Ú¼­¿¬\AppData\Local\Programs\Python\Python36-32\Scripts\;C:\Users\¹Ú¼­¿¬\AppData\Local\Programs\Python\Python36-32\;C:\Users\¹Ú¼­¿¬\AppData\Local\Microsoft\WindowsApps;;C:\Users\¹Ú¼­¿¬\Desktop;
USERNAME=¹Ú¼­¿¬
OS=Windows_NT
PROCESSOR_IDENTIFIER=Intel64 Family 6 Model 142 Stepping 10, GenuineIntel



---------------  S Y S T E M  ---------------

OS: Windows 10.0 , 64 bit Build 17134 (10.0.17134.648)

CPU:total 8 (4 cores per cpu, 2 threads per core) family 6 model 142 stepping 10, cmov, cx8, fxsr, mmx, sse, sse2, sse3, ssse3, sse4.1, sse4.2, popcnt, avx, avx2, aes, clmul, erms, 3dnowpref, lzcnt, ht, tsc, tscinvbit, bmi1, bmi2, adx

Memory: 4k page, physical 8301748k(3941428k free), swap 11578548k(5357720k free)

vm_info: Java HotSpot(TM) 64-Bit Server VM (25.91-b15) for windows-amd64 JRE (1.8.0_91-b15), built on May 20 2016 17:43:15 by "java_re" with MS VC++ 10.0 (VS2010)

time: Tue Apr 09 19:13:15 2019
elapsed time: 541 seconds (0d 0h 9m 1s)

